<?xml version="1.0" encoding="UTF-8"?>
<!-- Generated by org.testng.reporters.JUnitXMLReporter -->
<testsuite hostname="DESKTOP-8PV5AO7" ignored="1" name="Test" tests="2" failures="0" timestamp="21 Jul 2018 17:08:33 GMT" time="32.356" errors="0">
  <testcase name="@BeforeMethod login" time="6.681" classname="wdMethods.Annotations">
    <failure type="java.lang.RuntimeException" message="Unexpected result for screenshot command: null">
      <![CDATA[java.lang.RuntimeException: Unexpected result for screenshot command: null
at org.openqa.selenium.remote.RemoteWebDriver.getScreenshotAs(RemoteWebDriver.java:352)
at wdMethods.SeMethods.takeSnap(SeMethods.java:412)
at wdMethods.SeMethods.startApp(SeMethods.java:62)
at wdMethods.Annotations.login(Annotations.java:12)
... Removed 28 stack frames]]>
    </failure>
  </testcase> <!-- @BeforeMethod login -->
  <testcase name="@AfterMethod CloseBrowser1" time="0.0" classname="wdMethods.Annotations">
    <skipped/>
  </testcase> <!-- @AfterMethod CloseBrowser1 -->
  <testcase name="createLead" time="9.743" classname="testCase.CreateLead"/>
  <testcase name="createLead" time="0.0" classname="testCase.CreateLead">
    <skipped/>
  </testcase> <!-- createLead -->
  <testcase name="LeadMerge" time="0.0" classname="testCase.MergeLead">
    <ignored/>
  </testcase> <!-- LeadMerge -->
</testsuite> <!-- Test -->
